2026-02-05 09:20:24,590 [Worker-7: Loading available Gradle versions] INFO  o.e.b.c.i.u.g.PublishedGradleVersions - Gradle version information cache is out-of-date. Trying to update.
2026-02-05 09:22:12,064 [Worker-11: Auto share git projects] WARN  org.eclipse.jgit.util.FS_Win32 - Exception caught during execution of command '[bash, --login, -c, which git]' in 'C:\Users\ojesw', return code '1', error message '<3>WSL (10 - Relay) ERROR: CreateProcessCommon:800: execvpe(/bin/bash) failed: No such file or directory
'
2026-02-05 09:22:19,821 [Worker-11: Building] INFO  o.e.m.c.i.l.LifecycleMappingFactory - Using org.eclipse.m2e.jdt.JarLifecycleMapping lifecycle mapping for MavenProject: com.example:demo:0.0.1-SNAPSHOT @ D:\Cdac VITA\java_asp.net_Project\ComputerSeekho\pom.xml.
2026-02-05 09:22:19,821 [Worker-7: Updating Maven Dependencies] INFO  o.e.m.c.i.l.LifecycleMappingFactory - Using org.eclipse.m2e.jdt.JarLifecycleMapping lifecycle mapping for MavenProject: com.example:demo:0.0.1-SNAPSHOT @ D:\Cdac VITA\java_asp.net_Project\ComputerSeekho\pom.xml.
2026-02-05 09:22:38,984 [Worker-11: Building] INFO  o.a.m.s.f.DefaultMavenResourcesFiltering - Copying 1 resource from src\main\resources to target\classes
2026-02-05 09:22:39,020 [Worker-11: Building] INFO  o.a.m.s.f.DefaultMavenResourcesFiltering - Copying 3 resources from src\main\resources to target\classes
2026-02-05 09:22:39,041 [Worker-11: Building] INFO  o.a.m.s.f.DefaultMavenResourcesFiltering - skip non existing resourceDirectory D:\Cdac VITA\java_asp.net_Project\ComputerSeekho\src\test\resources
2026-02-05 09:22:41,169 [Worker-13: Updating Maven Dependencies] INFO  o.e.m.c.i.l.LifecycleMappingFactory - Using org.eclipse.m2e.jdt.JarLifecycleMapping lifecycle mapping for MavenProject: com.example:demo:0.0.1-SNAPSHOT @ D:\Cdac VITA\java_asp.net_Project\ComputerSeekho\pom.xml.
2026-02-05 09:22:44,547 [Worker-7: Building] INFO  o.a.m.s.f.DefaultMavenResourcesFiltering - Copying 1 resource from src\main\resources to target\classes
2026-02-05 09:22:44,573 [Worker-7: Building] INFO  o.a.m.s.f.DefaultMavenResourcesFiltering - Copying 3 resources from src\main\resources to target\classes
2026-02-05 09:22:44,607 [Worker-7: Building] INFO  o.a.m.s.f.DefaultMavenResourcesFiltering - skip non existing resourceDirectory D:\Cdac VITA\java_asp.net_Project\ComputerSeekho\src\test\resources
2026-02-05 09:23:44,768 [Worker-11: Building] INFO  o.a.m.s.f.DefaultMavenResourcesFiltering - Copying 1 resource from src\main\resources to target\classes
2026-02-05 09:23:44,783 [Worker-11: Building] INFO  o.a.m.s.f.DefaultMavenResourcesFiltering - Copying 0 resource from src\main\resources to target\classes
2026-02-05 09:23:44,788 [Worker-11: Building] INFO  o.a.m.s.f.DefaultMavenResourcesFiltering - skip non existing resourceDirectory D:\Cdac VITA\java_asp.net_Project\ComputerSeekho\src\test\resources
2026-02-05 09:25:38,555 [Worker-8: Building] INFO  o.a.m.s.f.DefaultMavenResourcesFiltering - Copying 1 resource from src\main\resources to target\classes
2026-02-05 09:25:38,563 [Worker-8: Building] INFO  o.a.m.s.f.DefaultMavenResourcesFiltering - Copying 0 resource from src\main\resources to target\classes
2026-02-05 09:25:38,565 [Worker-8: Building] INFO  o.a.m.s.f.DefaultMavenResourcesFiltering - skip non existing resourceDirectory D:\Cdac VITA\java_asp.net_Project\ComputerSeekho\src\test\resources
2026-02-05 09:26:36,365 [Worker-13: Building] INFO  o.a.m.s.f.DefaultMavenResourcesFiltering - Copying 1 resource from src\main\resources to target\classes
2026-02-05 09:26:36,372 [Worker-13: Building] INFO  o.a.m.s.f.DefaultMavenResourcesFiltering - Copying 0 resource from src\main\resources to target\classes
2026-02-05 09:26:36,374 [Worker-13: Building] INFO  o.a.m.s.f.DefaultMavenResourcesFiltering - skip non existing resourceDirectory D:\Cdac VITA\java_asp.net_Project\ComputerSeekho\src\test\resources
2026-02-05 09:28:01,521 [Worker-15: Updating Maven Project] INFO  o.e.m.c.i.p.ProjectConfigurationManager - Update started
2026-02-05 09:28:02,016 [Worker-15: Updating Maven Project] INFO  o.e.m.c.i.l.LifecycleMappingFactory - Using org.eclipse.m2e.jdt.JarLifecycleMapping lifecycle mapping for MavenProject: com.example:demo:0.0.1-SNAPSHOT @ D:\Cdac VITA\java_asp.net_Project\ComputerSeekho\pom.xml.
2026-02-05 09:28:02,767 [Worker-15: Updating Maven Project] INFO  o.e.m.j.i.AbstractJavaProjectConfigurator - Adding source folder /ComputerSeekho/src/main/java
2026-02-05 09:28:02,767 [Worker-15: Updating Maven Project] INFO  o.e.m.j.i.AbstractJavaProjectConfigurator - Adding resource folder /ComputerSeekho/src/main/resources
2026-02-05 09:28:02,778 [Worker-15: Updating Maven Project] INFO  o.e.m.j.i.AbstractJavaProjectConfigurator - Adding resource folder /ComputerSeekho/src/main/resources
2026-02-05 09:28:02,790 [Worker-15: Updating Maven Project] INFO  o.e.m.j.i.AbstractJavaProjectConfigurator - Adding source folder /ComputerSeekho/src/test/java
2026-02-05 09:28:03,650 [Worker-15: Updating Maven Project] INFO  o.e.m.c.i.p.ProjectConfigurationManager - Update completed: 2 sec
2026-02-05 09:28:05,638 [Worker-12: Building] INFO  o.a.m.s.f.DefaultMavenResourcesFiltering - Copying 1 resource from src\main\resources to target\classes
2026-02-05 09:28:05,651 [Worker-12: Building] INFO  o.a.m.s.f.DefaultMavenResourcesFiltering - Copying 3 resources from src\main\resources to target\classes
2026-02-05 09:28:05,691 [Worker-12: Building] INFO  o.a.m.s.f.DefaultMavenResourcesFiltering - skip non existing resourceDirectory D:\Cdac VITA\java_asp.net_Project\ComputerSeekho\src\test\resources
2026-02-07 15:47:17,803 [Worker-4: Loading available Gradle versions] INFO  o.e.b.c.i.u.g.PublishedGradleVersions - Gradle version information cache is out-of-date. Trying to update.
2026-02-07 15:47:24,044 [Worker-3: Decoration Calculation] WARN  org.eclipse.jgit.util.FS_Win32 - Exception caught during execution of command '[bash, --login, -c, which git]' in 'C:\Users\ojesw', return code '1', error message '<3>WSL (10 - Relay) ERROR: CreateProcessCommon:800: execvpe(/bin/bash) failed: No such file or directory
'
2026-02-09 07:59:27,703 [Worker-6: Loading available Gradle versions] INFO  o.e.b.c.i.u.g.PublishedGradleVersions - Gradle version information cache is out-of-date. Trying to update.
2026-02-09 07:59:35,763 [Worker-4: Decoration Calculation] WARN  org.eclipse.jgit.util.FS_Win32 - Exception caught during execution of command '[bash, --login, -c, which git]' in 'C:\Users\ojesw', return code '1', error message '<3>WSL (10 - Relay) ERROR: CreateProcessCommon:800: execvpe(/bin/bash) failed: No such file or directory
'
2026-02-09 08:00:18,631 [Worker-3: Building] INFO  o.a.m.s.f.DefaultMavenResourcesFiltering - Copying 1 resource from src\main\resources to target\classes
2026-02-09 08:00:18,648 [Worker-3: Building] INFO  o.a.m.s.f.DefaultMavenResourcesFiltering - Copying 3 resources from src\main\resources to target\classes
2026-02-09 08:00:18,669 [Worker-3: Building] INFO  o.a.m.s.f.DefaultMavenResourcesFiltering - skip non existing resourceDirectory D:\Cdac VITA\java_asp.net_Project\ComputerSeekho\src\test\resources
2026-02-10 02:07:01,264 [Worker-4: Loading available Gradle versions] INFO  o.e.b.c.i.u.g.PublishedGradleVersions - Gradle version information cache is up-to-date. Trying to read.
2026-02-10 02:07:05,429 [Worker-8: Decoration Calculation] WARN  org.eclipse.jgit.util.FS_Win32 - Exception caught during execution of command '[bash, --login, -c, which git]' in 'C:\Users\ojesw', return code '1', error message '<3>WSL (10 - Relay) ERROR: CreateProcessCommon:800: execvpe(/bin/bash) failed: No such file or directory
'
2026-02-10 14:23:55,818 [Worker-4: Loading available Gradle versions] INFO  o.e.b.c.i.u.g.PublishedGradleVersions - Gradle version information cache is out-of-date. Trying to update.
2026-02-10 14:24:01,407 [Worker-1: Decoration Calculation] WARN  org.eclipse.jgit.util.FS_Win32 - Exception caught during execution of command '[bash, --login, -c, which git]' in 'C:\Users\ojesw', return code '1', error message '<3>WSL (10 - Relay) ERROR: CreateProcessCommon:800: execvpe(/bin/bash) failed: No such file or directory
'
2026-02-10 14:24:31,370 [Worker-8: Launching ComputerSeekho - ComputerSeekhoApplication] INFO  o.a.m.s.f.DefaultMavenResourcesFiltering - Copying 1 resource from src\main\resources to target\classes
2026-02-10 14:24:31,428 [Worker-8: Launching ComputerSeekho - ComputerSeekhoApplication] INFO  o.a.m.s.f.DefaultMavenResourcesFiltering - Copying 3 resources from src\main\resources to target\classes
2026-02-10 14:24:31,452 [Worker-8: Launching ComputerSeekho - ComputerSeekhoApplication] INFO  o.a.m.s.f.DefaultMavenResourcesFiltering - skip non existing resourceDirectory D:\Cdac VITA\java_asp.net_Project\ComputerSeekho\src\test\resources
