2026-01-30 09:19:39,067 [Worker-3: Loading available Gradle versions] INFO  o.e.b.c.i.u.g.PublishedGradleVersions - Gradle version information cache is up-to-date. Trying to read.
2026-01-30 09:20:06,547 [Worker-1: Building] INFO  o.e.m.c.i.l.LifecycleMappingFactory - Using org.eclipse.m2e.jdt.JarLifecycleMapping lifecycle mapping for MavenProject: com.example:demo:0.0.1-SNAPSHOT @ D:\Cdac VITA\Computer sikho Project by VITA\java project vita 06\ComputerSeekho\pom.xml.
2026-01-30 09:20:19,632 [Worker-1: Building] INFO  o.a.m.s.f.DefaultMavenResourcesFiltering - Copying 1 resource from src\main\resources to target\classes
2026-01-30 09:20:19,669 [Worker-1: Building] INFO  o.a.m.s.f.DefaultMavenResourcesFiltering - Copying 3 resources from src\main\resources to target\classes
2026-01-30 09:20:19,687 [Worker-1: Building] INFO  o.a.m.s.f.DefaultMavenResourcesFiltering - skip non existing resourceDirectory D:\Cdac VITA\Computer sikho Project by VITA\java project vita 06\ComputerSeekho\src\test\resources
2026-01-30 09:20:20,470 [Worker-0: Updating Maven Dependencies] INFO  o.e.m.c.i.l.LifecycleMappingFactory - Using org.eclipse.m2e.jdt.JarLifecycleMapping lifecycle mapping for MavenProject: com.example:demo:0.0.1-SNAPSHOT @ D:\Cdac VITA\Computer sikho Project by VITA\java project vita 06\ComputerSeekho\pom.xml.
2026-01-30 09:20:23,179 [Worker-2: Building] INFO  o.a.m.s.f.DefaultMavenResourcesFiltering - Copying 1 resource from src\main\resources to target\classes
2026-01-30 09:20:23,198 [Worker-2: Building] INFO  o.a.m.s.f.DefaultMavenResourcesFiltering - Copying 3 resources from src\main\resources to target\classes
2026-01-30 09:20:23,212 [Worker-2: Building] INFO  o.a.m.s.f.DefaultMavenResourcesFiltering - skip non existing resourceDirectory D:\Cdac VITA\Computer sikho Project by VITA\java project vita 06\ComputerSeekho\src\test\resources
2026-01-30 09:23:05,350 [Worker-12: Building] INFO  o.a.m.s.f.DefaultMavenResourcesFiltering - Copying 1 resource from src\main\resources to target\classes
2026-01-30 09:23:05,357 [Worker-12: Building] INFO  o.a.m.s.f.DefaultMavenResourcesFiltering - Copying 0 resource from src\main\resources to target\classes
2026-01-30 09:23:05,359 [Worker-12: Building] INFO  o.a.m.s.f.DefaultMavenResourcesFiltering - skip non existing resourceDirectory D:\Cdac VITA\Computer sikho Project by VITA\java project vita 06\ComputerSeekho\src\test\resources
2026-01-30 09:58:21,965 [Worker-4: Loading available Gradle versions] INFO  o.e.b.c.i.u.g.PublishedGradleVersions - Gradle version information cache is up-to-date. Trying to read.
2026-01-30 10:35:42,624 [Worker-7: Loading available Gradle versions] INFO  o.e.b.c.i.u.g.PublishedGradleVersions - Gradle version information cache is up-to-date. Trying to read.
2026-01-30 10:43:04,587 [Worker-10: Building] INFO  o.a.m.s.f.DefaultMavenResourcesFiltering - Copying 1 resource from src\main\resources to target\classes
2026-01-30 10:43:04,614 [Worker-10: Building] INFO  o.a.m.s.f.DefaultMavenResourcesFiltering - Copying 3 resources from src\main\resources to target\classes
2026-01-30 10:43:04,619 [Worker-10: Building] INFO  o.a.m.s.f.DefaultMavenResourcesFiltering - skip non existing resourceDirectory D:\Cdac VITA\Computer sikho Project by VITA\java project vita 06\ComputerSeekho\src\test\resources
2026-01-30 10:54:20,727 [Worker-24: Building] INFO  o.a.m.s.f.DefaultMavenResourcesFiltering - Copying 1 resource from src\main\resources to target\classes
2026-01-30 10:54:20,735 [Worker-24: Building] INFO  o.a.m.s.f.DefaultMavenResourcesFiltering - Copying 3 resources from src\main\resources to target\classes
2026-01-30 10:54:20,738 [Worker-24: Building] INFO  o.a.m.s.f.DefaultMavenResourcesFiltering - skip non existing resourceDirectory D:\Cdac VITA\Computer sikho Project by VITA\java project vita 06\ComputerSeekho\src\test\resources
2026-01-31 10:59:22,769 [Worker-4: Loading available Gradle versions] INFO  o.e.b.c.i.u.g.PublishedGradleVersions - Gradle version information cache is out-of-date. Trying to update.
2026-01-31 10:59:26,554 [Worker-7: Decoration Calculation] WARN  org.eclipse.jgit.util.FS_Win32 - Exception caught during execution of command '[bash, --login, -c, which git]' in 'C:\Users\ojesw', return code '1', error message '<3>WSL (10 - Relay) ERROR: CreateProcessCommon:800: execvpe(/bin/bash) failed: No such file or directory
'
2026-01-31 10:59:44,387 [Worker-1: Building] INFO  o.a.m.s.f.DefaultMavenResourcesFiltering - Copying 1 resource from src\main\resources to target\classes
2026-01-31 10:59:44,418 [Worker-1: Building] INFO  o.a.m.s.f.DefaultMavenResourcesFiltering - Copying 3 resources from src\main\resources to target\classes
2026-01-31 10:59:44,424 [Worker-1: Building] INFO  o.a.m.s.f.DefaultMavenResourcesFiltering - skip non existing resourceDirectory D:\Cdac VITA\Computer sikho Project by VITA\java project vita 06\ComputerSeekho\src\test\resources
2026-01-31 16:05:07,208 [Worker-7: Loading available Gradle versions] INFO  o.e.b.c.i.u.g.PublishedGradleVersions - Gradle version information cache is up-to-date. Trying to read.
2026-01-31 16:05:16,676 [Worker-4: Decoration Calculation] WARN  org.eclipse.jgit.util.FS_Win32 - Exception caught during execution of command '[bash, --login, -c, which git]' in 'C:\Users\ojesw', return code '1', error message '<3>WSL (10 - Relay) ERROR: CreateProcessCommon:800: execvpe(/bin/bash) failed: No such file or directory
'
2026-01-31 16:05:39,155 [Worker-1: Building] INFO  o.a.m.s.f.DefaultMavenResourcesFiltering - Copying 1 resource from src\main\resources to target\classes
2026-01-31 16:05:39,202 [Worker-1: Building] INFO  o.a.m.s.f.DefaultMavenResourcesFiltering - Copying 3 resources from src\main\resources to target\classes
2026-01-31 16:05:39,227 [Worker-1: Building] INFO  o.a.m.s.f.DefaultMavenResourcesFiltering - skip non existing resourceDirectory D:\Cdac VITA\Computer sikho Project by VITA\java project vita 06\ComputerSeekho\src\test\resources
2026-02-01 17:05:44,575 [Worker-6: Loading available Gradle versions] INFO  o.e.b.c.i.u.g.PublishedGradleVersions - Gradle version information cache is out-of-date. Trying to update.
2026-02-01 17:05:50,424 [Worker-7: Decoration Calculation] WARN  org.eclipse.jgit.util.FS_Win32 - Exception caught during execution of command '[bash, --login, -c, which git]' in 'C:\Users\ojesw', return code '1', error message '<3>WSL (10 - Relay) ERROR: CreateProcessCommon:800: execvpe(/bin/bash) failed: No such file or directory
'
2026-02-02 08:34:22,886 [Worker-3: Loading available Gradle versions] INFO  o.e.b.c.i.u.g.PublishedGradleVersions - Gradle version information cache is up-to-date. Trying to read.
2026-02-02 08:34:26,303 [Worker-7: Decoration Calculation] WARN  org.eclipse.jgit.util.FS_Win32 - Exception caught during execution of command '[bash, --login, -c, which git]' in 'C:\Users\ojesw', return code '1', error message '<3>WSL (10 - Relay) ERROR: CreateProcessCommon:800: execvpe(/bin/bash) failed: No such file or directory
'
2026-02-03 20:17:17,619 [Worker-41: Launching ComputerSeekho - ComputerSeekhoApplication] INFO  o.a.m.s.f.DefaultMavenResourcesFiltering - Copying 1 resource from src\main\resources to target\classes
2026-02-03 20:17:17,756 [Worker-41: Launching ComputerSeekho - ComputerSeekhoApplication] INFO  o.a.m.s.f.DefaultMavenResourcesFiltering - Copying 3 resources from src\main\resources to target\classes
2026-02-03 20:17:17,760 [Worker-41: Launching ComputerSeekho - ComputerSeekhoApplication] INFO  o.a.m.s.f.DefaultMavenResourcesFiltering - skip non existing resourceDirectory D:\Cdac VITA\Computer sikho Project by VITA\java project vita 06\ComputerSeekho\src\test\resources
2026-02-03 22:57:34,418 [Worker-7: Loading available Gradle versions] INFO  o.e.b.c.i.u.g.PublishedGradleVersions - Gradle version information cache is out-of-date. Trying to update.
2026-02-03 22:57:41,793 [Worker-6: Decoration Calculation] WARN  org.eclipse.jgit.util.FS_Win32 - Exception caught during execution of command '[bash, --login, -c, which git]' in 'C:\Users\ojesw', return code '1', error message '<3>WSL (10 - Relay) ERROR: CreateProcessCommon:800: execvpe(/bin/bash) failed: No such file or directory
'
2026-02-03 22:57:53,928 [Worker-14: Building] INFO  o.a.m.s.f.DefaultMavenResourcesFiltering - Copying 1 resource from src\main\resources to target\classes
2026-02-03 22:57:53,964 [Worker-14: Building] INFO  o.a.m.s.f.DefaultMavenResourcesFiltering - Copying 3 resources from src\main\resources to target\classes
2026-02-03 22:57:53,971 [Worker-14: Building] INFO  o.a.m.s.f.DefaultMavenResourcesFiltering - skip non existing resourceDirectory D:\Cdac VITA\Computer sikho Project by VITA\java project vita 06\ComputerSeekho\src\test\resources
